<?xml version="1.0" encoding="UTF-8"?>
<coverage generated="1638986961454" clover="3.2.0">
  <project timestamp="1638986961454" name="All files">
    <metrics statements="15" coveredstatements="15" conditionals="7" coveredconditionals="7" methods="6" coveredmethods="6" elements="28" coveredelements="28" complexity="0" loc="15" ncloc="15" packages="1" files="1" classes="1"/>
    <file name="index.ts" path="C:\Users\Vinicius Tonelli\Documents\GitHub\sitemap-merger\src\index.ts">
      <metrics statements="15" coveredstatements="15" conditionals="7" coveredconditionals="7" methods="6" coveredmethods="6"/>
      <line num="9" count="1" type="stmt"/>
      <line num="18" count="6" type="stmt"/>
      <line num="21" count="6" type="stmt"/>
      <line num="25" count="6" type="stmt"/>
      <line num="26" count="6" type="stmt"/>
      <line num="27" count="6" type="stmt"/>
      <line num="28" count="12" type="stmt"/>
      <line num="29" count="12" type="cond" truecount="2" falsecount="0"/>
      <line num="31" count="24" type="stmt"/>
      <line num="34" count="4" type="stmt"/>
      <line num="37" count="6" type="stmt"/>
      <line num="39" count="6" type="stmt"/>
      <line num="40" count="6" type="cond" truecount="2" falsecount="0"/>
      <line num="48" count="1" type="stmt"/>
      <line num="57" count="1" type="stmt"/>
    </file>
  </project>
</coverage>
