{"C:\\Users\\Vinicius Tonelli\\Documents\\GitHub\\sitemap-merger\\src\\index.ts": {"path":"C:\\Users\\Vinicius Tonelli\\Documents\\GitHub\\sitemap-merger\\src\\index.ts","statementMap":{"0":{"start":{"line":9,"column":51},"end":{"line":11,"column":1}},"1":{"start":{"line":18,"column":20},"end":{"line":20,"column":4}},"2":{"start":{"line":21,"column":20},"end":{"line":23,"column":4}},"3":{"start":{"line":25,"column":16},"end":{"line":25,"column":18}},"4":{"start":{"line":26,"column":15},"end":{"line":26,"column":42}},"5":{"start":{"line":27,"column":2},"end":{"line":35,"column":5}},"6":{"start":{"line":28,"column":17},"end":{"line":28,"column":51}},"7":{"start":{"line":29,"column":4},"end":{"line":34,"column":22}},"8":{"start":{"line":31,"column":8},"end":{"line":31,"column":47}},"9":{"start":{"line":34,"column":6},"end":{"line":34,"column":22}},"10":{"start":{"line":37,"column":2},"end":{"line":37,"column":58}},"11":{"start":{"line":37,"column":25},"end":{"line":37,"column":56}},"12":{"start":{"line":39,"column":17},"end":{"line":39,"column":33}},"13":{"start":{"line":40,"column":2},"end":{"line":40,"column":58}},"14":{"start":{"line":48,"column":2},"end":{"line":48,"column":61}},"15":{"start":{"line":57,"column":2},"end":{"line":64,"column":4}}},"fnMap":{"0":{"name":"merge","decl":{"start":{"line":13,"column":16},"end":{"line":13,"column":21}},"loc":{"start":{"line":17,"column":10},"end":{"line":41,"column":1}},"line":17},"1":{"name":"(anonymous_1)","decl":{"start":{"line":27,"column":30},"end":{"line":27,"column":31}},"loc":{"start":{"line":27,"column":48},"end":{"line":35,"column":3}},"line":27},"2":{"name":"(anonymous_2)","decl":{"start":{"line":30,"column":19},"end":{"line":30,"column":20}},"loc":{"start":{"line":30,"column":31},"end":{"line":32,"column":7}},"line":30},"3":{"name":"(anonymous_3)","decl":{"start":{"line":37,"column":16},"end":{"line":37,"column":17}},"loc":{"start":{"line":37,"column":25},"end":{"line":37,"column":56}},"line":37},"4":{"name":"mergeToFile","decl":{"start":{"line":42,"column":16},"end":{"line":42,"column":27}},"loc":{"start":{"line":47,"column":2},"end":{"line":49,"column":1}},"line":47},"5":{"name":"mergeFromFilesToFile","decl":{"start":{"line":51,"column":16},"end":{"line":51,"column":36}},"loc":{"start":{"line":56,"column":2},"end":{"line":65,"column":1}},"line":56}},"branchMap":{"0":{"loc":{"start":{"line":16,"column":2},"end":{"line":16,"column":47}},"type":"default-arg","locations":[{"start":{"line":16,"column":27},"end":{"line":16,"column":47}}],"line":16},"1":{"loc":{"start":{"line":29,"column":4},"end":{"line":34,"column":22}},"type":"if","locations":[{"start":{"line":29,"column":4},"end":{"line":34,"column":22}},{"start":{},"end":{}}],"line":29},"2":{"loc":{"start":{"line":40,"column":9},"end":{"line":40,"column":57}},"type":"cond-expr","locations":[{"start":{"line":40,"column":32},"end":{"line":40,"column":48}},{"start":{"line":40,"column":51},"end":{"line":40,"column":57}}],"line":40},"3":{"loc":{"start":{"line":46,"column":2},"end":{"line":46,"column":47}},"type":"default-arg","locations":[{"start":{"line":46,"column":27},"end":{"line":46,"column":47}}],"line":46},"4":{"loc":{"start":{"line":55,"column":2},"end":{"line":55,"column":47}},"type":"default-arg","locations":[{"start":{"line":55,"column":27},"end":{"line":55,"column":47}}],"line":55}},"s":{"0":1,"1":6,"2":6,"3":6,"4":6,"5":6,"6":12,"7":12,"8":24,"9":4,"10":6,"11":4,"12":6,"13":6,"14":1,"15":1},"f":{"0":6,"1":12,"2":24,"3":4,"4":1,"5":1},"b":{"0":[3],"1":[4,8],"2":[1,5],"3":[1],"4":[1]},"_coverageSchema":"1a1c01bbd47fc00a2c39e90264f33305004495a9","hash":"5d9e025fcf234ac9f1918fab4807d86f67e30b30"}
}
