TN:
SF:src\index.ts
FN:13,merge
FN:27,(anonymous_1)
FN:30,(anonymous_2)
FN:37,(anonymous_3)
FN:42,mergeToFile
FN:51,mergeFromFilesToFile
FNF:6
FNH:6
FNDA:6,merge
FNDA:12,(anonymous_1)
FNDA:24,(anonymous_2)
FNDA:4,(anonymous_3)
FNDA:1,mergeToFile
FNDA:1,mergeFromFilesToFile
DA:9,1
DA:18,6
DA:21,6
DA:25,6
DA:26,6
DA:27,6
DA:28,12
DA:29,12
DA:31,24
DA:34,4
DA:37,6
DA:39,6
DA:40,6
DA:48,1
DA:57,1
LF:15
LH:15
BRDA:16,0,0,3
BRDA:29,1,0,4
BRDA:29,1,1,8
BRDA:40,2,0,1
BRDA:40,2,1,5
BRDA:46,3,0,1
BRDA:55,4,0,1
BRF:7
BRH:7
end_of_record
